<?xml version="1.0" encoding="UTF-8"?>
<!DOCTYPE mapper PUBLIC "-//mybatis.org//DTD Mapper 3.0//EN"
        "http://mybatis.org/dtd/mybatis-3-mapper.dtd">

<mapper namespace="com.zjht.inventory.test.dao.mapper.TestMapper">
    <insert id="save" useGeneratedKeys="true" keyProperty="test.id" keyColumn="id" parameterType="com.zjht.inventory.test.entity.Test">
        INSERT INTO TEST(ID,NAME) VALUES (#{test.id},#{test.name})
    </insert>

    <select id="findById" resultType="com.zjht.inventory.test.entity.Test">
        SELECT ID, NAME FROM TEST WHERE ID = #{id}
    </select>
</mapper>