<?xml version="1.0" encoding="UTF-8"?>
<beans xmlns="http://www.springframework.org/schema/beans"
       xmlns:xsi="http://www.w3.org/2001/XMLSchema-instance" xmlns:aop="http://www.springframework.org/schema/aop"
       xmlns:context="http://www.springframework.org/schema/context"
       xmlns:tx="http://www.springframework.org/schema/tx"
       xmlns:massy="http://www.smarabbit.org/schema/massy"
       xsi:schemaLocation="http://www.springframework.org/schema/beans http://www.springframework.org/schema/beans/spring-beans.xsd

		http://www.springframework.org/schema/aop http://www.springframework.org/schema/aop/spring-aop-4.0.xsd   
		http://www.springframework.org/schema/context http://www.springframework.org/schema/context/spring-context-4.0.xsd
		http://www.springframework.org/schema/tx  http://www.springframework.org/schema/tx/spring-tx.xsd
		http://www.smarabbit.org/schema/massy http://www.smarabbit.org/schema/massy.xsd">

    <!-- 激活注解驱动 -->
    <massy:annotation-driven/>
    <tx:annotation-driven/>
    <context:annotation-config/>
    <massy:import-sqlsessionfactory id="sqlSessionFactory" alias="commons.sqlSessionFactory"/>
    <!-- 引入服务 -->
    <massy:import-datasource id="datasource"/>

    <!--dao-->
    <bean id="testDao" class="com.zjht.inventory.test.dao.TestDaoImpl">
        <property name="testMapper" ref="testMapper"/>
    </bean>

    <!--mybatis mapper-->
    <bean id="testMapper" class="org.mybatis.spring.mapper.MapperFactoryBean">
        <property name="mapperInterface" value="com.zjht.inventory.test.dao.mapper.TestMapper"/>
        <property name="sqlSessionFactory" ref="sqlSessionFactory"/>
    </bean>
    
</beans>